[1/14] E:\DRCR-helper\tsfm-drcr-remote-experiments-win-exec\.venv-chronos\Scripts\python.exe E:\DRCR-helper\tsfm-drcr-remote-experiments-win-exec\scripts\run_benefit_selective_external_queue.py --job-id external_v1_timesfm_m4_yearly_a_short --download-missing --force --timeout-seconds 28800
external_v1_timesfm_m4_yearly_a_short: failed_artifact_contract (32s)
[2/14] E:\DRCR-helper\tsfm-drcr-remote-experiments-win-exec\.venv-chronos\Scripts\python.exe E:\DRCR-helper\tsfm-drcr-remote-experiments-win-exec\scripts\run_benefit_selective_external_queue.py --job-id external_v1_timesfm_m4_monthly_m_short --download-missing --force --timeout-seconds 28800
external_v1_timesfm_m4_monthly_m_short: ok (477s)
[3/14] E:\DRCR-helper\tsfm-drcr-remote-experiments-win-exec\.venv-chronos\Scripts\python.exe E:\DRCR-helper\tsfm-drcr-remote-experiments-win-exec\scripts\run_benefit_selective_external_queue.py --job-id external_v1_timesfm_ett1_w_short --download-missing --force --timeout-seconds 28800
external_v1_timesfm_ett1_w_short: failed_artifact_contract (16s)
[4/14] E:\DRCR-helper\tsfm-drcr-remote-experiments-win-exec\.venv-chronos\Scripts\python.exe E:\DRCR-helper\tsfm-drcr-remote-experiments-win-exec\scripts\run_benefit_selective_external_queue.py --job-id external_v1_timesfm_electricity_15t_short --download-missing --force --timeout-seconds 28800
external_v1_timesfm_electricity_15t_short: ok (19093s)
[5/14] E:\DRCR-helper\tsfm-drcr-remote-experiments-win-exec\.venv-chronos\Scripts\python.exe E:\DRCR-helper\tsfm-drcr-remote-experiments-win-exec\scripts\run_benefit_selective_external_queue.py --job-id external_v1_timesfm_hospital_m_short --download-missing --force --timeout-seconds 28800
external_v1_timesfm_hospital_m_short: failed_artifact_contract (52s)
[6/14] E:\DRCR-helper\tsfm-drcr-remote-experiments-win-exec\.venv-chronos\Scripts\python.exe E:\DRCR-helper\tsfm-drcr-remote-experiments-win-exec\scripts\run_benefit_selective_external_queue.py --job-id external_v1_timesfm_us_births_m_short --download-missing --force --timeout-seconds 28800
external_v1_timesfm_us_births_m_short: failed_artifact_contract (9s)
[7/14] E:\DRCR-helper\tsfm-drcr-remote-experiments-win-exec\.venv-chronos\Scripts\python.exe E:\DRCR-helper\tsfm-drcr-remote-experiments-win-exec\scripts\run_benefit_selective_external_queue.py --job-id external_v1_timesfm_kdd_cup_2018_h_medium --download-missing --force --timeout-seconds 28800
external_v1_timesfm_kdd_cup_2018_h_medium: ok (19814s)
[8/14] E:\DRCR-helper\tsfm-drcr-remote-experiments-win-exec\.venv-chronos\Scripts\python.exe E:\DRCR-helper\tsfm-drcr-remote-experiments-win-exec\scripts\run_benefit_selective_external_queue.py --job-id external_v1_timesfm_temperature_rain_d_short --download-missing --force --timeout-seconds 28800
external_v1_timesfm_temperature_rain_d_short: ok (4390s)
[9/14] E:\DRCR-helper\tsfm-drcr-remote-experiments-win-exec\.venv-chronos\Scripts\python.exe E:\DRCR-helper\tsfm-drcr-remote-experiments-win-exec\scripts\run_benefit_selective_external_queue.py --job-id external_v1_timesfm_restaurant_d_short --download-missing --force --timeout-seconds 28800
external_v1_timesfm_restaurant_d_short: failed_artifact_contract (1377s)
[10/14] E:\DRCR-helper\tsfm-drcr-remote-experiments-win-exec\.venv-chronos\Scripts\python.exe E:\DRCR-helper\tsfm-drcr-remote-experiments-win-exec\scripts\run_benefit_selective_external_queue.py --job-id external_v1_timesfm_car_parts_m_short --download-missing --force --timeout-seconds 28800
external_v1_timesfm_car_parts_m_short: failed_artifact_contract (9s)
[11/14] E:\DRCR-helper\tsfm-drcr-remote-experiments-win-exec\.venv-chronos\Scripts\python.exe E:\DRCR-helper\tsfm-drcr-remote-experiments-win-exec\scripts\run_benefit_selective_external_queue.py --job-id external_v1_timesfm_m_dense_h_short --download-missing --force --timeout-seconds 28800
external_v1_timesfm_m_dense_h_short: ok (23436s)
[12/14] E:\DRCR-helper\tsfm-drcr-remote-experiments-win-exec\.venv-chronos\Scripts\python.exe E:\DRCR-helper\tsfm-drcr-remote-experiments-win-exec\scripts\run_benefit_selective_external_queue.py --job-id external_v1_timesfm_sz_taxi_15t_short --download-missing --force --timeout-seconds 28800
external_v1_timesfm_sz_taxi_15t_short: ok (16155s)
[13/14] E:\DRCR-helper\tsfm-drcr-remote-experiments-win-exec\.venv-chronos\Scripts\python.exe E:\DRCR-helper\tsfm-drcr-remote-experiments-win-exec\scripts\run_benefit_selective_external_queue.py --job-id external_v1_timesfm_bizitobs_l2c_5t_medium --download-missing --force --timeout-seconds 28800
external_v1_timesfm_bizitobs_l2c_5t_medium: ok (4008s)
[14/14] E:\DRCR-helper\tsfm-drcr-remote-experiments-win-exec\.venv-chronos\Scripts\python.exe E:\DRCR-helper\tsfm-drcr-remote-experiments-win-exec\scripts\run_benefit_selective_external_queue.py --job-id external_v1_timesfm_bitbrains_fast_storage_5t_short --download-missing --force --timeout-seconds 28800
external_v1_timesfm_bitbrains_fast_storage_5t_short: ok (10210s)
{'attempted': 14, 'planned': 0, 'artifact_status_ok': 8, 'status': 'E:\\DRCR-helper\\tsfm-drcr-remote-experiments-win-exec\\results\\aaai_stress\\benefit_selective_external_recovery_status.csv'}
