$ 'E:\DRCR-helper\tsfm-drcr-remote-experiments-win-exec\.venv-moirai\Scripts\python.exe' scripts/run_moirai_gift_eval_raw.py --dataset-name M_DENSE --data-path 'data\gift-eval\M_DENSE\H' --term short --model-id Salesforce/moirai-1.1-R-small --model-name moirai_1_1_small --max-series 16 --max-windows 1 --context-cap 512 --baseline-mode rolling_pre_origin --baseline-context-cap 2048 --baseline-season-length 48 --domain Transport --regime external_locked --output-slug external_v1_moirai_m_dense_h_short --export-history-sidecar --model-family moirai1 --num-samples 100 --seed 7
{
  "status": "ok",
  "timestamp": 1784589866,
  "dataset_dir": "E:\\DRCR-helper\\tsfm-drcr-remote-experiments-win-exec\\data\\gift-eval\\M_DENSE\\H",
  "dataset": "M_DENSE/H/short",
  "model_id": "Salesforce/moirai-1.1-R-small",
  "prediction_length": 48,
  "gift_eval_windows": 20,
  "windows_run": 16,
  "series_run": 16,
  "model_family": "moirai1",
  "patch_size": "auto",
  "num_samples": 100,
  "seed": 7,
  "window_manifest": null,
  "manifest_requested_windows": null,
  "manifest_matched_windows": null,
  "raw_forecasts": "E:\\DRCR-helper\\tsfm-drcr-remote-experiments-win-exec\\results\\raw_forecasts\\external_v1_moirai_m_dense_h_short.csv",
  "history_context_sidecar": "E:\\DRCR-helper\\tsfm-drcr-remote-experiments-win-exec\\results\\raw_forecasts\\external_v1_moirai_m_dense_h_short_history_context.csv",
  "window_metrics": "E:\\DRCR-helper\\tsfm-drcr-remote-experiments-win-exec\\results\\window_metrics\\external_v1_moirai_m_dense_h_short_metrics.csv",
  "failure_mining": "E:\\DRCR-helper\\tsfm-drcr-remote-experiments-win-exec\\results\\failure_mining\\external_v1_moirai_m_dense_h_short_window_failures.csv",
  "failure_summary": "E:\\DRCR-helper\\tsfm-drcr-remote-experiments-win-exec\\results\\failure_mining\\external_v1_moirai_m_dense_h_short_failure_summary.csv",
  "quantile_levels": [
    0.1,
    0.2,
    0.3,
    0.4,
    0.5,
    0.6,
    0.7,
    0.8,
    0.9
  ],
  "sample_paths_persisted": false
}
