$ 'E:\DRCR-helper\tsfm-drcr-remote-experiments-win-exec\.venv-chronos\Scripts\python.exe' scripts/run_timesfm_gift_eval_raw.py --dataset-name bizitobs_l2c --data-path 'data\gift-eval\bizitobs_l2c\5T' --term medium --model-id google/timesfm-2.5-200m-pytorch --model-name timesfm_2_5 --max-series 16 --max-windows 1 --context-cap 512 --baseline-mode rolling_pre_origin --baseline-context-cap 2048 --baseline-season-length 48 --domain Web/CloudOps --regime external_locked --output-slug external_v1_timesfm_bizitobs_l2c_5t_medium --export-history-sidecar
{
  "status": "ok",
  "timestamp": 1783935630,
  "dataset_dir": "E:\\DRCR-helper\\tsfm-drcr-remote-experiments-win-exec\\data\\gift-eval\\bizitobs_l2c\\5T",
  "dataset": "bizitobs_l2c/5T/medium",
  "model_id": "google/timesfm-2.5-200m-pytorch",
  "prediction_length": 480,
  "gift_eval_windows": 7,
  "windows_run": 7,
  "series_run": 7,
  "quantile_levels": [
    0.0,
    0.1,
    0.2,
    0.3,
    0.4,
    0.5,
    0.6,
    0.7,
    0.8,
    0.9
  ],
  "window_manifest": null,
  "manifest_requested_windows": null,
  "manifest_matched_windows": null,
  "raw_forecasts": "E:\\DRCR-helper\\tsfm-drcr-remote-experiments-win-exec\\results\\raw_forecasts\\external_v1_timesfm_bizitobs_l2c_5t_medium.csv",
  "history_context_sidecar": "E:\\DRCR-helper\\tsfm-drcr-remote-experiments-win-exec\\results\\raw_forecasts\\external_v1_timesfm_bizitobs_l2c_5t_medium_history_context.csv",
  "window_metrics": "E:\\DRCR-helper\\tsfm-drcr-remote-experiments-win-exec\\results\\window_metrics\\external_v1_timesfm_bizitobs_l2c_5t_medium_metrics.csv",
  "failure_mining": "E:\\DRCR-helper\\tsfm-drcr-remote-experiments-win-exec\\results\\failure_mining\\external_v1_timesfm_bizitobs_l2c_5t_medium_window_failures.csv",
  "failure_summary": "E:\\DRCR-helper\\tsfm-drcr-remote-experiments-win-exec\\results\\failure_mining\\external_v1_timesfm_bizitobs_l2c_5t_medium_failure_summary.csv",
  "limitations": [
    "limited-series CPU rerun",
    "TimesFM local memory-gated path"
  ]
}
